{
  "RSpec": {
    "coverage": {
      "/Users/bcano/Documents/retos/reto-tax-api/tax_validator_api/app/services/validators/external/external_registry_client.rb": {
        "lines": [
          1,
          1,
          1,
          1,
          1,
          null,
          1,
          8,
          null,
          null,
          null,
          null,
          null,
          null,
          null,
          null,
          null,
          8,
          8,
          null,
          null,
          7,
          null,
          7,
          null,
          4,
          4,
          null,
          null,
          null,
          null,
          null,
          null,
          1,
          null,
          2,
          null,
          0,
          null,
          null,
          null,
          0,
          null,
          1,
          null,
          null,
          1,
          4,
          null,
          null,
          1,
          8,
          8,
          8,
          8,
          null,
          null,
          null,
          null,
          null
        ]
      },
      "/Users/bcano/Documents/retos/reto-tax-api/tax_validator_api/app/services/validators/pipeline_validator.rb": {
        "lines": [
          1,
          1,
          1,
          null,
          1,
          7,
          7,
          7,
          null,
          null,
          1,
          null,
          7,
          7,
          null,
          6,
          6,
          null,
          6,
          null,
          6,
          5,
          5,
          null,
          1,
          null,
          null,
          5,
          4,
          null,
          4,
          3,
          3,
          1,
          null,
          2,
          null,
          null,
          null,
          null,
          1,
          1,
          null,
          1,
          null,
          null,
          null,
          5,
          null,
          null,
          7,
          null,
          null,
          1,
          7,
          null,
          null,
          1,
          null,
          1,
          null,
          7,
          null,
          null,
          null,
          null,
          null,
          1,
          null,
          5,
          null,
          null,
          null,
          null,
          null
        ]
      },
      "/Users/bcano/Documents/retos/reto-tax-api/tax_validator_api/app/controllers/api/v1/tax_validations_controller.rb": {
        "lines": [
          1,
          1,
          1,
          1,
          null,
          1,
          null,
          null,
          null,
          null,
          null,
          null,
          null,
          null,
          null,
          null
        ]
      },
      "/Users/bcano/Documents/retos/reto-tax-api/tax_validator_api/app/controllers/application_controller.rb": {
        "lines": [
          1,
          null
        ]
      },
      "/Users/bcano/Documents/retos/reto-tax-api/tax_validator_api/app/services/validators/format/us_ein_format.rb": {
        "lines": [
          1,
          1,
          1,
          1,
          null,
          0,
          0,
          null,
          0,
          0,
          null,
          null,
          0,
          null,
          null,
          1,
          null,
          0,
          null,
          null,
          null,
          null
        ]
      },
      "/Users/bcano/Documents/retos/reto-tax-api/tax_validator_api/app/services/validators/base_validator.rb": {
        "lines": [
          1,
          1,
          1,
          null,
          1,
          6,
          6,
          null,
          null,
          1,
          0,
          null,
          null,
          null
        ]
      },
      "/Users/bcano/Documents/retos/reto-tax-api/tax_validator_api/app/services/validators/format/gb_vat_format.rb": {
        "lines": [
          1,
          1,
          1,
          1,
          5,
          null,
          5,
          5,
          null,
          5,
          null,
          5,
          0,
          null,
          null,
          5,
          5,
          null,
          null,
          1,
          null,
          5,
          null,
          null,
          null,
          null
        ]
      },
      "/Users/bcano/Documents/retos/reto-tax-api/tax_validator_api/app/services/validators/format/de_vat_format.rb": {
        "lines": [
          1,
          1,
          1,
          1,
          1,
          null,
          1,
          1,
          null,
          1,
          null,
          1,
          0,
          null,
          null,
          1,
          1,
          null,
          null,
          1,
          null,
          1,
          null,
          null,
          null,
          null
        ]
      },
      "/Users/bcano/Documents/retos/reto-tax-api/tax_validator_api/app/services/validators/checksum/gb_vat_checksum.rb": {
        "lines": [
          1,
          1,
          1,
          1,
          4,
          4,
          null,
          null,
          1,
          4,
          4,
          null,
          4,
          4,
          null,
          null,
          null,
          null
        ]
      },
      "/Users/bcano/Documents/retos/reto-tax-api/tax_validator_api/app/services/validators/checksum/de_vat_checksum.rb": {
        "lines": [
          1,
          1,
          1,
          1,
          1,
          1,
          null,
          null,
          1,
          1,
          null,
          1,
          1,
          null,
          1,
          0,
          null,
          null,
          1,
          null,
          null,
          null,
          null
        ]
      },
      "/Users/bcano/Documents/retos/reto-tax-api/tax_validator_api/app/services/validators/external/external_registry_checker.rb": {
        "lines": [
          1,
          1,
          1,
          1,
          null,
          1,
          4,
          4,
          null,
          null,
          1,
          4,
          4,
          null,
          4,
          null,
          null,
          4,
          null,
          4,
          2,
          null,
          2,
          null,
          null,
          null,
          4,
          null,
          4,
          2,
          2,
          2,
          1,
          null,
          null,
          1,
          null,
          null,
          null,
          4,
          null,
          null,
          null,
          null
        ]
      },
      "/Users/bcano/Documents/retos/reto-tax-api/tax_validator_api/app/errors/validation_errors/external_service_error.rb": {
        "lines": [
          1,
          1,
          1,
          0,
          null,
          null,
          null
        ]
      },
      "/Users/bcano/Documents/retos/reto-tax-api/tax_validator_api/app/errors/validation_errors/base_error.rb": {
        "lines": [
          1,
          1,
          1,
          null,
          1,
          5,
          null,
          null,
          1,
          0,
          null,
          null,
          null
        ]
      },
      "/Users/bcano/Documents/retos/reto-tax-api/tax_validator_api/app/errors/validation_errors/checksum_error.rb": {
        "lines": [
          1,
          1,
          1,
          0,
          null,
          null,
          null
        ]
      },
      "/Users/bcano/Documents/retos/reto-tax-api/tax_validator_api/app/errors/validation_errors/inactive_tax_number_error.rb": {
        "lines": [
          1,
          1,
          1,
          1,
          null,
          null,
          null
        ]
      },
      "/Users/bcano/Documents/retos/reto-tax-api/tax_validator_api/app/errors/validation_errors/unsupported_country_error.rb": {
        "lines": [
          1,
          1,
          1,
          1,
          null,
          null,
          null
        ]
      },
      "/Users/bcano/Documents/retos/reto-tax-api/tax_validator_api/app/errors/validation_errors/format_error.rb": {
        "lines": [
          0,
          0,
          0,
          0,
          0,
          0,
          0
        ],
        "branches": {}
      },
      "/Users/bcano/Documents/retos/reto-tax-api/tax_validator_api/app/jobs/application_job.rb": {
        "lines": [
          0,
          null,
          null,
          null,
          null,
          null,
          0
        ],
        "branches": {}
      },
      "/Users/bcano/Documents/retos/reto-tax-api/tax_validator_api/app/mailers/application_mailer.rb": {
        "lines": [
          0,
          0,
          0,
          0
        ],
        "branches": {}
      },
      "/Users/bcano/Documents/retos/reto-tax-api/tax_validator_api/app/models/application_record.rb": {
        "lines": [
          0,
          0,
          0
        ],
        "branches": {}
      }
    },
    "timestamp": 1744749699
  }
}
